<?xml version="1.0" encoding="UTF-8"?>
<robot generator="Robot 6.0.2 (Python 3.11.2 on win32)" generated="20231130 14:53:25.983" rpa="false" schemaversion="3">
<suite id="s1" name="signupReoCustomActions" source="C:\QAx\projects\walkdog-robot\tests\signupReoCustomActions.robot">
<test id="s1-t1" name="Deve validar a tela de cadasro de um novo Dog walker" line="7">
<kw name="Create Dictionary" library="BuiltIn">
<var>${dog_walker}</var>
<arg>name=Jonathan Teste</arg>
<arg>email=jonteste@teste.com</arg>
<arg>cpf=77002758152</arg>
<arg>cep=72914502</arg>
<arg>street=Quadra 4 Conjunto A</arg>
<arg>number=404</arg>
<arg>details=apto 204</arg>
<arg>district=Parque da Barragem Setor 06</arg>
<arg>city_uf=Águas Lindas de Goiás/GO</arg>
<arg>cnh=toretto.jpg</arg>
<doc>Creates and returns a dictionary based on the given ``items``.</doc>
<msg timestamp="20231130 14:53:26.692" level="INFO">${dog_walker} = {'name': 'Jonathan Teste', 'email': 'jonteste@teste.com', 'cpf': '77002758152', 'cep': '72914502', 'street': 'Quadra 4 Conjunto A', 'number': '404', 'details': 'apto 204', 'district': 'Parque da Barra...</msg>
<status status="PASS" starttime="20231130 14:53:26.691" endtime="20231130 14:53:26.692"/>
</kw>
<kw name="Go to signup page" library="signup">
<kw name="New Browser" library="Browser">
<arg>browser=chromium</arg>
<arg>headless=False</arg>
<tag>BrowserControl</tag>
<tag>Setter</tag>
<doc>Create a new playwright Browser with specified options.</doc>
<msg timestamp="20231130 14:53:26.692" level="INFO">{"browser": "chromium", "headless": false, "chromiumSandbox": false, "devtools": false, "handleSIGHUP": true, "handleSIGINT": true, "handleSIGTERM": true, "slowMo": 0.0, "timeout": 30000.0, "tracesDir": "C:\\QAx\\projects\\walkdog-robot\\logs\\browser\\traces\\5a596979-3292-4c6d-9bce-ce8818bb8981"}</msg>
<msg timestamp="20231130 14:53:26.964" level="INFO">Successfully created browser with options: {"browser":"chromium","headless":false,"chromiumSandbox":false,"devtools":false,"handleSIGHUP":true,"handleSIGINT":true,"handleSIGTERM":true,"slowMo":0,"timeout":30000,"tracesDir":"C:\\QAx\\projects\\walkdog-robot\\logs\\browser\\traces\\5a596979-3292-4c6d-9bce-ce8818bb8981"}</msg>
<status status="PASS" starttime="20231130 14:53:26.692" endtime="20231130 14:53:26.964"/>
</kw>
<kw name="New Page" library="Browser">
<arg>https://walkdog.vercel.app/signup</arg>
<tag>BrowserControl</tag>
<tag>Setter</tag>
<doc>Open a new Page.</doc>
<msg timestamp="20231130 14:53:27.770" level="INFO">Successfully initialized new page object and opened url: https://walkdog.vercel.app/signup</msg>
<msg timestamp="20231130 14:53:27.770" level="INFO">No context was open. New context was automatically opened when this page is created.</msg>
<status status="PASS" starttime="20231130 14:53:26.964" endtime="20231130 14:53:27.770"/>
</kw>
<kw name="Wait For Elements State" library="Browser">
<arg>form h1</arg>
<arg>visible</arg>
<arg>5000</arg>
<tag>PageContent</tag>
<tag>Wait</tag>
<doc>Waits for the element found by ``selector`` to satisfy state option.</doc>
<msg timestamp="20231130 14:53:27.787" level="INFO">Waited for Element with selector form h1 at state visible</msg>
<status status="PASS" starttime="20231130 14:53:27.770" endtime="20231130 14:53:27.787"/>
</kw>
<kw name="Get Text" library="Browser">
<arg>form h1</arg>
<arg>equal</arg>
<arg>Faça seu cadastro</arg>
<tag>Assertion</tag>
<tag>Getter</tag>
<tag>PageContent</tag>
<doc>Returns text attribute of the element found by ``selector``.</doc>
<msg timestamp="20231130 14:53:27.814" level="INFO">Text: 'Faça seu cadastro'</msg>
<status status="PASS" starttime="20231130 14:53:27.787" endtime="20231130 14:53:27.815"/>
</kw>
<status status="PASS" starttime="20231130 14:53:26.692" endtime="20231130 14:53:27.815"/>
</kw>
<kw name=" Fill signup form" library="signup">
<arg>${dog_walker}</arg>
<kw name="Fill Text" library="Browser">
<arg>css=input[name=name]</arg>
<arg>${dog_walker}[name]</arg>
<tag>PageContent</tag>
<tag>Setter</tag>
<doc>Clears and fills the given ``txt`` into the text field found by ``selector``.</doc>
<msg timestamp="20231130 14:53:27.816" level="INFO">Fills the text 'Jonathan Teste' in the given field.</msg>
<status status="PASS" starttime="20231130 14:53:27.815" endtime="20231130 14:53:27.818"/>
</kw>
<kw name="Fill Text" library="Browser">
<arg>css=input[name=email]</arg>
<arg>${dog_walker}[email]</arg>
<tag>PageContent</tag>
<tag>Setter</tag>
<doc>Clears and fills the given ``txt`` into the text field found by ``selector``.</doc>
<msg timestamp="20231130 14:53:27.818" level="INFO">Fills the text 'jonteste@teste.com' in the given field.</msg>
<status status="PASS" starttime="20231130 14:53:27.818" endtime="20231130 14:53:27.837"/>
</kw>
<kw name="Fill Text" library="Browser">
<arg>css=input[name=cpf]</arg>
<arg>${dog_walker}[cpf]</arg>
<tag>PageContent</tag>
<tag>Setter</tag>
<doc>Clears and fills the given ``txt`` into the text field found by ``selector``.</doc>
<msg timestamp="20231130 14:53:27.837" level="INFO">Fills the text '77002758152' in the given field.</msg>
<status status="PASS" starttime="20231130 14:53:27.837" endtime="20231130 14:53:27.853"/>
</kw>
<kw name="Fill Text" library="Browser">
<arg>css=input[name=cep]</arg>
<arg>${dog_walker}[cep]</arg>
<tag>PageContent</tag>
<tag>Setter</tag>
<doc>Clears and fills the given ``txt`` into the text field found by ``selector``.</doc>
<msg timestamp="20231130 14:53:27.853" level="INFO">Fills the text '72914502' in the given field.</msg>
<status status="PASS" starttime="20231130 14:53:27.853" endtime="20231130 14:53:27.870"/>
</kw>
<kw name="Click" library="Browser">
<arg>css=input[type=button][value$=CEP]</arg>
<tag>PageContent</tag>
<tag>Setter</tag>
<doc>Simulates mouse click on the element found by ``selector``.</doc>
<status status="PASS" starttime="20231130 14:53:27.870" endtime="20231130 14:53:27.915"/>
</kw>
<kw name="Get Property" library="Browser">
<arg>css=input[name=addressStreet]</arg>
<arg>value</arg>
<arg>equal</arg>
<arg>${dog_walker}[street]</arg>
<tag>Assertion</tag>
<tag>Getter</tag>
<tag>PageContent</tag>
<doc>Returns the ``property`` of the element found by ``selector``.</doc>
<msg timestamp="20231130 14:53:28.384" level="INFO">Property: 'Quadra 4 Conjunto A'</msg>
<status status="PASS" starttime="20231130 14:53:27.915" endtime="20231130 14:53:28.384"/>
</kw>
<kw name="Get Property" library="Browser">
<arg>css=input[name=addressDistrict]</arg>
<arg>value</arg>
<arg>equal</arg>
<arg>${dog_walker}[district]</arg>
<tag>Assertion</tag>
<tag>Getter</tag>
<tag>PageContent</tag>
<doc>Returns the ``property`` of the element found by ``selector``.</doc>
<msg timestamp="20231130 14:53:28.391" level="INFO">Property: 'Parque da Barragem Setor 06'</msg>
<status status="PASS" starttime="20231130 14:53:28.385" endtime="20231130 14:53:28.391"/>
</kw>
<kw name="Get Property" library="Browser">
<arg>css=input[name=addressCityUf]</arg>
<arg>value</arg>
<arg>equal</arg>
<arg>${dog_walker}[city_uf]</arg>
<tag>Assertion</tag>
<tag>Getter</tag>
<tag>PageContent</tag>
<doc>Returns the ``property`` of the element found by ``selector``.</doc>
<msg timestamp="20231130 14:53:28.397" level="INFO">Property: 'Águas Lindas de Goiás/GO'</msg>
<status status="PASS" starttime="20231130 14:53:28.391" endtime="20231130 14:53:28.397"/>
</kw>
<kw name="Fill Text" library="Browser">
<arg>css=input[name=addressNumber]</arg>
<arg>${dog_walker}[number]</arg>
<tag>PageContent</tag>
<tag>Setter</tag>
<doc>Clears and fills the given ``txt`` into the text field found by ``selector``.</doc>
<msg timestamp="20231130 14:53:28.398" level="INFO">Fills the text '404' in the given field.</msg>
<status status="PASS" starttime="20231130 14:53:28.397" endtime="20231130 14:53:28.408"/>
</kw>
<kw name="Fill Text" library="Browser">
<arg>css=input[name=addressDetails]</arg>
<arg>${dog_walker}[details]</arg>
<tag>PageContent</tag>
<tag>Setter</tag>
<doc>Clears and fills the given ``txt`` into the text field found by ``selector``.</doc>
<msg timestamp="20231130 14:53:28.409" level="INFO">Fills the text 'apto 204' in the given field.</msg>
<status status="PASS" starttime="20231130 14:53:28.408" endtime="20231130 14:53:28.418"/>
</kw>
<kw name="Upload File By Selector" library="Browser">
<arg>css=input[type=file]</arg>
<arg>${EXECDIR}/resouces/fixtures/${dog_walker}[cnh]</arg>
<tag>PageContent</tag>
<tag>Setter</tag>
<doc>Uploads file from `path` to file input element matched by selector.</doc>
<msg timestamp="20231130 14:53:28.419" level="FAIL">ValueError: Nonexistent input file path 'C:\QAx\projects\walkdog-robot\resouces\fixtures\toretto.jpg'</msg>
<status status="FAIL" starttime="20231130 14:53:28.418" endtime="20231130 14:53:28.419"/>
</kw>
<status status="FAIL" starttime="20231130 14:53:27.815" endtime="20231130 14:53:28.419"/>
</kw>
<kw name="Submit signup form" library="signup">
<status status="NOT RUN" starttime="20231130 14:53:28.419" endtime="20231130 14:53:28.419"/>
</kw>
<kw name="Popup should be" library="signup">
<arg>Recebemos o seu cadastro e em breve retornaremos o contato.</arg>
<status status="NOT RUN" starttime="20231130 14:53:28.419" endtime="20231130 14:53:28.419"/>
</kw>
<kw name="Sleep" library="BuiltIn">
<arg>20</arg>
<doc>Pauses the test executed for the given time.</doc>
<status status="NOT RUN" starttime="20231130 14:53:28.419" endtime="20231130 14:53:28.419"/>
</kw>
<status status="FAIL" starttime="20231130 14:53:26.684" endtime="20231130 14:53:28.419">ValueError: Nonexistent input file path 'C:\QAx\projects\walkdog-robot\resouces\fixtures\toretto.jpg'</status>
</test>
<doc>Suite de testes de cadastro de dog walker</doc>
<status status="FAIL" starttime="20231130 14:53:25.983" endtime="20231130 14:53:28.471"/>
</suite>
<statistics>
<total>
<stat pass="0" fail="1" skip="0">All Tests</stat>
</total>
<tag>
</tag>
<suite>
<stat pass="0" fail="1" skip="0" id="s1" name="signupReoCustomActions">signupReoCustomActions</stat>
</suite>
</statistics>
<errors>
<msg timestamp="20231130 14:53:26.149" level="ERROR">Error in file 'C:\QAx\projects\walkdog-robot\resources\base.resource' on line 5: Resource file 'fixtures\toretto' does not exist.</msg>
</errors>
</robot>
